<?xml version="1.0" encoding="UTF-8"?>
<testsuites>
  <testsuite name="CodeIgniter Application Test Suite" tests="4" assertions="4" failures="0" errors="0" time="0.635036">
    <testsuite name="Hello_test" file="C:\xampp\htdocs\sipres\application\tests\controllers\Hello_test.php" fullPackage="Hello" tests="1" assertions="1" failures="0" errors="0" time="0.243014">
      <testcase name="test_get_hello" class="Hello_test" file="C:\xampp\htdocs\sipres\application\tests\controllers\Hello_test.php" line="6" assertions="1" time="0.243014"/>
    </testsuite>
    <testsuite name="Welcome_test" file="C:\xampp\htdocs\sipres\application\tests\controllers\Welcome_test.php" fullPackage="Welcome" tests="3" assertions="3" failures="0" errors="0" time="0.392022">
      <testcase name="test_index" class="Welcome_test" file="C:\xampp\htdocs\sipres\application\tests\controllers\Welcome_test.php" line="13" assertions="1" time="0.101006"/>
      <testcase name="test_method_404" class="Welcome_test" file="C:\xampp\htdocs\sipres\application\tests\controllers\Welcome_test.php" line="19" assertions="1" time="0.090005"/>
      <testcase name="test_APPPATH" class="Welcome_test" file="C:\xampp\htdocs\sipres\application\tests\controllers\Welcome_test.php" line="25" assertions="1" time="0.201011"/>
    </testsuite>
  </testsuite>
</testsuites>
